TesteMapa/GoogleMapsTestB/app/build/intermediates/manifest_merge_blame_file/debug/manifest-merger-blame-debug-report.txt
1<?xml version="1.0" encoding="utf-8"?>
2<manifest xmlns:android="http://schemas.android.com/apk/res/android"
3    package="com.example.googlemapstestb"
4    android:versionCode="1"
5    android:versionName="1.0" >
6
7    <uses-sdk
8        android:minSdkVersion="28"
8-->src\main\AndroidManifest.xml
9        android:targetSdkVersion="32" />
9-->src\main\AndroidManifest.xml
10
11    <!-- Include required permissions for Google Maps API to run. -->
12    <uses-permission android:name="android.permission.ACCESS_NETWORK_STATE" />
12-->[com.google.android.gms:play-services-maps:18.0.2] AndroidManifest.xml:23:5-79
12-->[com.google.android.gms:play-services-maps:18.0.2] AndroidManifest.xml:23:22-76
13    <uses-permission android:name="android.permission.INTERNET" />
13-->[com.google.android.gms:play-services-maps:18.0.2] AndroidManifest.xml:24:5-67
13-->[com.google.android.gms:play-services-maps:18.0.2] AndroidManifest.xml:24:22-64
14
15    <uses-feature
15-->[com.google.android.gms:play-services-maps:18.0.2] AndroidManifest.xml:26:5-28:35
16        android:glEsVersion="0x00020000"
16-->[com.google.android.gms:play-services-maps:18.0.2] AndroidManifest.xml:27:9-41
17        android:required="true" />
17-->[com.google.android.gms:play-services-maps:18.0.2] AndroidManifest.xml:28:9-32
18
19    <queries>
19-->[com.google.android.gms:play-services-maps:18.0.2] AndroidManifest.xml:30:5-34:15
20
21        <!-- Needs to be explicitly declared on Android R+ -->
22        <package android:name="com.google.android.apps.maps" />
22-->[com.google.android.gms:play-services-maps:18.0.2] AndroidManifest.xml:33:9-64
22-->[com.google.android.gms:play-services-maps:18.0.2] AndroidManifest.xml:33:18-61
23    </queries>
24
25    <application
25-->src\main\AndroidManifest.xml:5:5-38:19
26        android:allowBackup="true"
26-->src\main\AndroidManifest.xml:6:9-35
27        android:appComponentFactory="androidx.core.app.CoreComponentFactory"
27-->[androidx.core:core:1.7.0] AndroidManifest.xml:24:18-86
28        android:debuggable="true"
29        android:extractNativeLibs="false"
30        android:icon="@mipmap/ic_launcher"
30-->src\main\AndroidManifest.xml:7:9-43
31        android:label="@string/app_name"
31-->src\main\AndroidManifest.xml:8:9-41
32        android:roundIcon="@mipmap/ic_launcher_round"
32-->src\main\AndroidManifest.xml:9:9-54
33        android:supportsRtl="true"
33-->src\main\AndroidManifest.xml:10:9-35
34        android:testOnly="true"
35        android:theme="@style/Theme.GoogleMapsTestB" >
35-->src\main\AndroidManifest.xml:11:9-53
36
37        <!--
38             TODO: Before you run your application, you need a Google Maps API key.
39
40             To get one, follow the directions here:
41
42                https://developers.google.com/maps/documentation/android-sdk/get-api-key
43
44             Once you have your API key (it starts with "AIza"), define a new property in your
45             project's local.properties file (e.g. MAPS_API_KEY=Aiza...), and replace the
46             "YOUR_API_KEY" string in this file with "${MAPS_API_KEY}".
47        -->
48        <meta-data
49            android:name="com.google.android.geo.API_KEY"
49-->src\main\AndroidManifest.xml:25:13-58
50            android:value="AIzaSyCf3Ak_NPVXr-xVHc-G78iIOG82XDwmDXg" />
50-->src\main\AndroidManifest.xml:26:13-44
51
52        <activity
52-->src\main\AndroidManifest.xml:28:9-37:20
53            android:name="com.example.googlemapstestb.MapsActivity"
53-->src\main\AndroidManifest.xml:29:13-41
54            android:exported="true"
54-->src\main\AndroidManifest.xml:30:13-36
55            android:label="@string/title_activity_maps" >
55-->src\main\AndroidManifest.xml:31:13-56
56            <intent-filter>
56-->src\main\AndroidManifest.xml:32:13-36:29
57                <action android:name="android.intent.action.MAIN" />
57-->src\main\AndroidManifest.xml:33:17-69
57-->src\main\AndroidManifest.xml:33:25-66
58
59                <category android:name="android.intent.category.LAUNCHER" />
59-->src\main\AndroidManifest.xml:35:17-77
59-->src\main\AndroidManifest.xml:35:27-74
60            </intent-filter>
61        </activity>
62        <!-- Needs to be explicitly declared on P+ -->
63        <uses-library
63-->[com.google.android.gms:play-services-maps:18.0.2] AndroidManifest.xml:39:9-41:40
64            android:name="org.apache.http.legacy"
64-->[com.google.android.gms:play-services-maps:18.0.2] AndroidManifest.xml:40:13-50
65            android:required="false" />
65-->[com.google.android.gms:play-services-maps:18.0.2] AndroidManifest.xml:41:13-37
66
67        <activity
67-->[com.google.android.gms:play-services-base:18.0.1] AndroidManifest.xml:20:9-22:45
68            android:name="com.google.android.gms.common.api.GoogleApiActivity"
68-->[com.google.android.gms:play-services-base:18.0.1] AndroidManifest.xml:20:19-85
69            android:exported="false"
69-->[com.google.android.gms:play-services-base:18.0.1] AndroidManifest.xml:22:19-43
70            android:theme="@android:style/Theme.Translucent.NoTitleBar" />
70-->[com.google.android.gms:play-services-base:18.0.1] AndroidManifest.xml:21:19-78
71
72        <meta-data
72-->[com.google.android.gms:play-services-basement:18.0.0] AndroidManifest.xml:21:9-23:69
73            android:name="com.google.android.gms.version"
73-->[com.google.android.gms:play-services-basement:18.0.0] AndroidManifest.xml:22:13-58
74            android:value="@integer/google_play_services_version" />
74-->[com.google.android.gms:play-services-basement:18.0.0] AndroidManifest.xml:23:13-66
75
76        <provider
76-->[androidx.emoji2:emoji2:1.0.0] AndroidManifest.xml:26:9-34:20
77            android:name="androidx.startup.InitializationProvider"
77-->[androidx.emoji2:emoji2:1.0.0] AndroidManifest.xml:27:13-67
78            android:authorities="com.example.googlemapstestb.androidx-startup"
78-->[androidx.emoji2:emoji2:1.0.0] AndroidManifest.xml:28:13-68
79            android:exported="false" >
79-->[androidx.emoji2:emoji2:1.0.0] AndroidManifest.xml:29:13-37
80            <meta-data
80-->[androidx.emoji2:emoji2:1.0.0] AndroidManifest.xml:31:13-33:52
81                android:name="androidx.emoji2.text.EmojiCompatInitializer"
81-->[androidx.emoji2:emoji2:1.0.0] AndroidManifest.xml:32:17-75
82                android:value="androidx.startup" />
82-->[androidx.emoji2:emoji2:1.0.0] AndroidManifest.xml:33:17-49
83            <meta-data
83-->[androidx.lifecycle:lifecycle-process:2.4.0] AndroidManifest.xml:31:13-33:52
84                android:name="androidx.lifecycle.ProcessLifecycleInitializer"
84-->[androidx.lifecycle:lifecycle-process:2.4.0] AndroidManifest.xml:32:17-78
85                android:value="androidx.startup" />
85-->[androidx.lifecycle:lifecycle-process:2.4.0] AndroidManifest.xml:33:17-49
86        </provider>
87    </application>
88
89</manifest>